2022-05-02 13:29:17,534 INFO o.a.j.u.JMeterUtils: Setting Locale to en_EN
2022-05-02 13:29:17,609 INFO o.a.j.JMeter: Loading user properties from: C:\R\apache-jmeter-5.4.3\bin\user.properties
2022-05-02 13:29:17,632 INFO o.a.j.JMeter: Loading system properties from: C:\R\apache-jmeter-5.4.3\bin\system.properties
2022-05-02 13:29:17,669 INFO o.a.j.JMeter: Copyright (c) 1998-2021 The Apache Software Foundation
2022-05-02 13:29:17,670 INFO o.a.j.JMeter: Version 5.4.3
2022-05-02 13:29:17,670 INFO o.a.j.JMeter: java.version=1.8.0_321
2022-05-02 13:29:17,670 INFO o.a.j.JMeter: java.vm.name=Java HotSpot(TM) Client VM
2022-05-02 13:29:17,670 INFO o.a.j.JMeter: os.name=Windows 11
2022-05-02 13:29:17,670 INFO o.a.j.JMeter: os.arch=x86
2022-05-02 13:29:17,671 INFO o.a.j.JMeter: os.version=10.0
2022-05-02 13:29:17,671 INFO o.a.j.JMeter: file.encoding=Cp1252
2022-05-02 13:29:17,671 INFO o.a.j.JMeter: java.awt.headless=null
2022-05-02 13:29:17,671 INFO o.a.j.JMeter: Max memory     =1073741824
2022-05-02 13:29:17,672 INFO o.a.j.JMeter: Available Processors =8
2022-05-02 13:29:17,691 INFO o.a.j.JMeter: Default Locale=English (EN)
2022-05-02 13:29:17,691 INFO o.a.j.JMeter: JMeter  Locale=English (EN)
2022-05-02 13:29:17,691 INFO o.a.j.JMeter: JMeterHome=C:\R\apache-jmeter-5.4.3
2022-05-02 13:29:17,691 INFO o.a.j.JMeter: user.dir  =C:\R\apache-jmeter-5.4.3
2022-05-02 13:29:17,692 INFO o.a.j.JMeter: PWD       =C:\R\apache-jmeter-5.4.3
2022-05-02 13:29:17,695 INFO o.a.j.JMeter: IP: 192.168.29.125 Name: PrateekMS FullName: PrateekMS.fareast.corp.microsoft.com
2022-05-02 13:29:18,033 INFO o.a.j.JMeter: Setting LAF to: com.github.weisj.darklaf.DarkLaf:com.github.weisj.darklaf.theme.DarculaTheme
2022-05-02 13:29:20,832 INFO o.a.j.JMeter: Loaded icon properties from org/apache/jmeter/images/icon.properties
2022-05-02 13:29:47,975 INFO o.a.j.s.FileServer: Default base='C:\R\apache-jmeter-5.4.3'
2022-05-02 13:32:23,267 INFO o.a.j.p.h.s.HTTPSamplerBase: Parser for text/html is org.apache.jmeter.protocol.http.parser.LagartoBasedHtmlParser
2022-05-02 13:32:23,267 INFO o.a.j.p.h.s.HTTPSamplerBase: Parser for application/xhtml+xml is org.apache.jmeter.protocol.http.parser.LagartoBasedHtmlParser
2022-05-02 13:32:23,267 INFO o.a.j.p.h.s.HTTPSamplerBase: Parser for application/xml is org.apache.jmeter.protocol.http.parser.LagartoBasedHtmlParser
2022-05-02 13:32:23,267 INFO o.a.j.p.h.s.HTTPSamplerBase: Parser for text/xml is org.apache.jmeter.protocol.http.parser.LagartoBasedHtmlParser
2022-05-02 13:32:23,267 INFO o.a.j.p.h.s.HTTPSamplerBase: Parser for text/vnd.wap.wml is org.apache.jmeter.protocol.http.parser.RegexpHTMLParser
2022-05-02 13:32:23,268 INFO o.a.j.p.h.s.HTTPSamplerBase: Parser for text/css is org.apache.jmeter.protocol.http.parser.CssParser
