2022-05-19 20:16:51,903 INFO o.a.j.u.JMeterUtils: Setting Locale to en_EN
2022-05-19 20:16:51,924 INFO o.a.j.JMeter: Loading user properties from: user.properties
2022-05-19 20:16:51,924 INFO o.a.j.JMeter: Loading system properties from: system.properties
2022-05-19 20:16:51,932 INFO o.a.j.JMeter: Copyright (c) 1998-2021 The Apache Software Foundation
2022-05-19 20:16:51,932 INFO o.a.j.JMeter: Version 5.4.3
2022-05-19 20:16:51,932 INFO o.a.j.JMeter: java.version=1.8.0_291
2022-05-19 20:16:51,932 INFO o.a.j.JMeter: java.vm.name=Java HotSpot(TM) 64-Bit Server VM
2022-05-19 20:16:51,932 INFO o.a.j.JMeter: os.name=Windows 10
2022-05-19 20:16:51,932 INFO o.a.j.JMeter: os.arch=amd64
2022-05-19 20:16:51,932 INFO o.a.j.JMeter: os.version=10.0
2022-05-19 20:16:51,932 INFO o.a.j.JMeter: file.encoding=Cp1252
2022-05-19 20:16:51,932 INFO o.a.j.JMeter: java.awt.headless=true
2022-05-19 20:16:51,932 INFO o.a.j.JMeter: Max memory     =4294967296
2022-05-19 20:16:51,932 INFO o.a.j.JMeter: Available Processors =8
2022-05-19 20:16:51,936 INFO o.a.j.JMeter: Default Locale=English (EN)
2022-05-19 20:16:51,937 INFO o.a.j.JMeter: JMeter  Locale=English (EN)
2022-05-19 20:16:51,937 INFO o.a.j.JMeter: JMeterHome=C:\R\apache-jmeter-5.4.3
2022-05-19 20:16:51,937 INFO o.a.j.JMeter: user.dir  =C:\R\apache-jmeter-5.4.3\bin
2022-05-19 20:16:51,937 INFO o.a.j.JMeter: PWD       =C:\R\apache-jmeter-5.4.3\bin
2022-05-19 20:16:51,939 INFO o.a.j.JMeter: IP: 10.5.48.196 Name: PrateekMS FullName: PrateekMS.fareast.corp.microsoft.com
2022-05-19 20:16:51,943 INFO o.a.j.JMeter: Setting property 'jmeter.reportgenerator.outputdir' to:'C:\R\apache-jmeter-5.4.3\bin\.\Search50\Report'
2022-05-19 20:16:51,946 INFO o.a.j.r.d.ReportGenerator: ReportGenerator will use for Parsing the separator: ','
2022-05-19 20:16:51,946 INFO o.a.j.r.d.ReportGenerator: Will only generate report from results file: .\Search50\jmeter.jtl
2022-05-19 20:16:51,946 INFO o.a.j.r.d.ReportGenerator: Reading report generator properties from: C:\R\apache-jmeter-5.4.3\bin\reportgenerator.properties
2022-05-19 20:16:51,947 INFO o.a.j.r.d.ReportGenerator: Merging with JMeter properties
2022-05-19 20:16:51,951 INFO o.a.j.r.c.ReportGeneratorConfiguration: Property 'jmeter.reportgenerator.temp_dir' not found, using default value 'temp' instead.
2022-05-19 20:16:51,953 INFO o.a.j.r.c.ReportGeneratorConfiguration: Property 'jmeter.reportgenerator.apdex_per_transaction' not found, using default value 'null' instead.
2022-05-19 20:16:51,959 INFO o.a.j.r.c.ReportGeneratorConfiguration: apdex_per_transaction is empty, not APDEX per transaction customization
2022-05-19 20:16:51,959 INFO o.a.j.r.c.ReportGeneratorConfiguration: Property 'jmeter.reportgenerator.sample_filter' not found, using default value 'null' instead.
2022-05-19 20:16:51,959 INFO o.a.j.r.c.ReportGeneratorConfiguration: Property 'jmeter.reportgenerator.report_title' not found, using default value 'null' instead.
2022-05-19 20:16:51,959 INFO o.a.j.r.c.ReportGeneratorConfiguration: Property 'jmeter.reportgenerator.start_date' not found, using default value 'null' instead.
2022-05-19 20:16:51,959 INFO o.a.j.r.c.ReportGeneratorConfiguration: Property 'jmeter.reportgenerator.end_date' not found, using default value 'null' instead.
2022-05-19 20:16:51,959 INFO o.a.j.r.c.ReportGeneratorConfiguration: Property 'jmeter.reportgenerator.date_format' not found, using default value 'null' instead.
2022-05-19 20:16:51,959 INFO o.a.j.r.c.ReportGeneratorConfiguration: Will use date range start date: null, end date: null
2022-05-19 20:16:51,963 INFO o.a.j.r.c.ReportGeneratorConfiguration: Property 'jmeter.reportgenerator.graph.totalTPS.exclude_controllers' not found, using default value 'false' instead.
2022-05-19 20:16:51,963 INFO o.a.j.r.c.ReportGeneratorConfiguration: Property 'jmeter.reportgenerator.graph.activeThreadsOverTime.exclude_controllers' not found, using default value 'false' instead.
2022-05-19 20:16:51,963 INFO o.a.j.r.c.ReportGeneratorConfiguration: Property 'jmeter.reportgenerator.graph.timeVsThreads.exclude_controllers' not found, using default value 'false' instead.
2022-05-19 20:16:51,963 INFO o.a.j.r.c.ReportGeneratorConfiguration: Property 'jmeter.reportgenerator.graph.responseTimeDistribution.exclude_controllers' not found, using default value 'false' instead.
2022-05-19 20:16:51,963 INFO o.a.j.r.c.ReportGeneratorConfiguration: Property 'jmeter.reportgenerator.graph.transactionsPerSecond.exclude_controllers' not found, using default value 'false' instead.
2022-05-19 20:16:51,963 INFO o.a.j.r.c.ReportGeneratorConfiguration: Property 'jmeter.reportgenerator.graph.responseTimePercentiles.exclude_controllers' not found, using default value 'false' instead.
2022-05-19 20:16:51,963 INFO o.a.j.r.c.ReportGeneratorConfiguration: Property 'jmeter.reportgenerator.graph.responseTimePercentilesOverTime.exclude_controllers' not found, using default value 'false' instead.
2022-05-19 20:16:51,964 INFO o.a.j.r.c.ReportGeneratorConfiguration: Property 'jmeter.reportgenerator.graph.responseTimesOverTime.exclude_controllers' not found, using default value 'false' instead.
2022-05-19 20:16:51,964 INFO o.a.j.r.c.ReportGeneratorConfiguration: Property 'jmeter.reportgenerator.graph.connectTimeOverTime.exclude_controllers' not found, using default value 'false' instead.
2022-05-19 20:16:51,964 INFO o.a.j.r.c.ReportGeneratorConfiguration: Property 'jmeter.reportgenerator.graph.latenciesOverTime.exclude_controllers' not found, using default value 'false' instead.
2022-05-19 20:16:51,965 INFO o.a.j.r.c.ReportGeneratorConfiguration: Property 'jmeter.reportgenerator.exporter.json.filters_only_sample_series' not found, using default value 'true' instead.
2022-05-19 20:16:51,965 INFO o.a.j.r.c.ReportGeneratorConfiguration: Property 'jmeter.reportgenerator.exporter.json.series_filter' not found, using default value '' instead.
2022-05-19 20:16:51,965 INFO o.a.j.r.c.ReportGeneratorConfiguration: Property 'jmeter.reportgenerator.exporter.json.show_controllers_only' not found, using default value 'false' instead.
2022-05-19 20:16:51,965 INFO o.a.j.r.c.ReportGeneratorConfiguration: Property 'jmeter.reportgenerator.exporter.html.filters_only_sample_series' not found, using default value 'true' instead.
2022-05-19 20:16:51,965 INFO o.a.j.r.c.ReportGeneratorConfiguration: Property 'jmeter.reportgenerator.exporter.html.series_filter' not found, using default value '' instead.
2022-05-19 20:16:51,965 INFO o.a.j.r.c.ReportGeneratorConfiguration: Property 'jmeter.reportgenerator.exporter.html.show_controllers_only' not found, using default value 'false' instead.
2022-05-19 20:16:52,071 INFO o.a.j.s.SaveService: Testplan (JMX) version: 2.2. Testlog (JTL) version: 2.2
2022-05-19 20:16:52,085 INFO o.a.j.s.SaveService: Using SaveService properties file encoding UTF-8
2022-05-19 20:16:52,089 INFO o.a.j.s.SaveService: Using SaveService properties version 5.0
2022-05-19 20:16:52,123 INFO o.a.j.r.p.NormalizerSampleConsumer: Using format, 'ms', to parse timeStamp field
2022-05-19 20:16:57,775 INFO o.a.j.r.p.AbstractSampleConsumer: class org.apache.jmeter.report.processor.AggregateConsumer#stopProducing(): beginDate produced 0 samples
2022-05-19 20:16:57,775 INFO o.a.j.r.p.AbstractSampleConsumer: class org.apache.jmeter.report.processor.AggregateConsumer#stopProducing(): endDate produced 0 samples
2022-05-19 20:16:57,777 INFO o.a.j.r.p.AbstractSampleConsumer: class org.apache.jmeter.report.processor.ApdexSummaryConsumer#stopProducing(): apdexSummary produced 0 samples
2022-05-19 20:16:57,781 INFO o.a.j.r.p.AbstractSampleConsumer: class org.apache.jmeter.report.processor.RequestsSummaryConsumer#stopProducing(): requestsSummary produced 0 samples
2022-05-19 20:16:57,801 INFO o.a.j.r.p.AbstractSampleConsumer: class org.apache.jmeter.report.processor.StatisticsSummaryConsumer#stopProducing(): statisticsSummary produced 0 samples
2022-05-19 20:16:57,806 INFO o.a.j.r.p.AbstractSampleConsumer: class org.apache.jmeter.report.processor.Top5ErrorsBySamplerConsumer#stopProducing(): top5ErrorsBySampler produced 0 samples
2022-05-19 20:16:57,806 INFO o.a.j.r.p.AbstractSampleConsumer: class org.apache.jmeter.report.processor.ErrorsSummaryConsumer#stopProducing(): errorsSummary produced 0 samples
2022-05-19 20:16:57,806 INFO o.a.j.r.p.AbstractSampleConsumer: class org.apache.jmeter.report.processor.graph.impl.HitsPerSecondGraphConsumer#stopProducing(): hitsPerSecond produced 0 samples
2022-05-19 20:16:58,723 INFO o.a.j.r.p.AbstractSampleConsumer: class org.apache.jmeter.report.processor.graph.impl.LatencyVSRequestGraphConsumer#stopProducing(): latencyVsRequest produced 0 samples
2022-05-19 20:16:58,728 INFO o.a.j.r.p.AbstractSampleConsumer: class org.apache.jmeter.report.processor.graph.impl.SyntheticResponseTimeDistributionGraphConsumer#stopProducing(): syntheticResponseTimeDistribution produced 0 samples
2022-05-19 20:16:58,728 INFO o.a.j.r.p.AbstractSampleConsumer: class org.apache.jmeter.report.processor.graph.impl.BytesThroughputGraphConsumer#stopProducing(): bytesThroughputOverTime produced 0 samples
2022-05-19 20:16:58,728 INFO o.a.j.r.p.AbstractSampleConsumer: class org.apache.jmeter.report.processor.graph.impl.CodesPerSecondGraphConsumer#stopProducing(): codesPerSecond produced 0 samples
2022-05-19 20:17:00,016 INFO o.a.j.r.p.AbstractSampleConsumer: class org.apache.jmeter.report.processor.graph.impl.ResponseTimeVSRequestGraphConsumer#stopProducing(): responseTimeVsRequest produced 0 samples
2022-05-19 20:17:00,024 INFO o.a.j.r.p.AbstractSampleConsumer: class org.apache.jmeter.report.processor.FilterConsumer#stopProducing(): startIntervalControlerFilter produced 1074423 samples
2022-05-19 20:17:00,024 INFO o.a.j.r.p.AbstractSampleConsumer: class org.apache.jmeter.report.processor.graph.impl.TotalTPSGraphConsumer#stopProducing(): totalTPS produced 0 samples
2022-05-19 20:17:00,024 INFO o.a.j.r.p.AbstractSampleConsumer: class org.apache.jmeter.report.processor.graph.impl.ActiveThreadsGraphConsumer#stopProducing(): activeThreadsOverTime produced 0 samples
2022-05-19 20:17:00,024 INFO o.a.j.r.p.AbstractSampleConsumer: class org.apache.jmeter.report.processor.graph.impl.TimeVSThreadGraphConsumer#stopProducing(): timeVsThreads produced 0 samples
2022-05-19 20:17:00,028 INFO o.a.j.r.p.AbstractSampleConsumer: class org.apache.jmeter.report.processor.graph.impl.ResponseTimeDistributionGraphConsumer#stopProducing(): responseTimeDistribution produced 0 samples
2022-05-19 20:17:00,029 INFO o.a.j.r.p.AbstractSampleConsumer: class org.apache.jmeter.report.processor.graph.impl.TransactionsPerSecondGraphConsumer#stopProducing(): transactionsPerSecond produced 0 samples
2022-05-19 20:17:00,030 INFO o.a.j.r.p.AbstractSampleConsumer: class org.apache.jmeter.report.processor.graph.impl.ResponseTimePercentilesGraphConsumer#stopProducing(): responseTimePercentiles produced 0 samples
2022-05-19 20:17:00,055 INFO o.a.j.r.p.AbstractSampleConsumer: class org.apache.jmeter.report.processor.graph.impl.ResponseTimePercentilesOverTimeGraphConsumer#stopProducing(): responseTimePercentilesOverTime produced 0 samples
2022-05-19 20:17:00,061 INFO o.a.j.r.p.AbstractSampleConsumer: class org.apache.jmeter.report.processor.graph.impl.ResponseTimeOverTimeGraphConsumer#stopProducing(): responseTimesOverTime produced 0 samples
2022-05-19 20:17:00,062 INFO o.a.j.r.p.AbstractSampleConsumer: class org.apache.jmeter.report.processor.graph.impl.ConnectTimeOverTimeGraphConsumer#stopProducing(): connectTimeOverTime produced 0 samples
2022-05-19 20:17:00,063 INFO o.a.j.r.p.AbstractSampleConsumer: class org.apache.jmeter.report.processor.graph.impl.LatencyOverTimeGraphConsumer#stopProducing(): latenciesOverTime produced 0 samples
2022-05-19 20:17:00,063 INFO o.a.j.r.p.AbstractSampleConsumer: class org.apache.jmeter.report.processor.FilterConsumer#stopProducing(): nameFilter produced 2302335 samples
2022-05-19 20:17:00,063 INFO o.a.j.r.p.AbstractSampleConsumer: class org.apache.jmeter.report.processor.FilterConsumer#stopProducing(): dateRangeFilter produced 460467 samples
2022-05-19 20:17:00,063 INFO o.a.j.r.p.AbstractSampleConsumer: class org.apache.jmeter.report.processor.NormalizerSampleConsumer#stopProducing(): normalizer produced 153489 samples
2022-05-19 20:17:00,065 INFO o.a.j.r.p.CsvFileSampleSource: produce(): 153489 samples produced in 7s 904 ms on channel 0
2022-05-19 20:17:00,065 INFO o.a.j.r.d.ReportGenerator: Exporting data using exporter:'json' of className:'org.apache.jmeter.report.dashboard.JsonExporter'
2022-05-19 20:17:00,365 INFO o.a.j.r.d.JsonExporter: Found data for consumer statisticsSummary in context
2022-05-19 20:17:00,365 INFO o.a.j.r.d.JsonExporter: Creating statistics for overall
2022-05-19 20:17:00,366 INFO o.a.j.r.d.JsonExporter: Creating statistics for other transactions
2022-05-19 20:17:00,368 INFO o.a.j.r.d.JsonExporter: Checking output folder
2022-05-19 20:17:00,369 INFO o.a.j.r.d.JsonExporter: Writing statistics JSON to C:\R\apache-jmeter-5.4.3\bin\.\Search50\Report\statistics.json
2022-05-19 20:17:00,465 INFO o.a.j.r.d.ReportGenerator: Exporting data using exporter:'html' of className:'org.apache.jmeter.report.dashboard.HtmlTemplateExporter'
2022-05-19 20:17:00,474 INFO o.a.j.r.d.HtmlTemplateExporter: Will generate dashboard in folder: C:\R\apache-jmeter-5.4.3\bin\.\Search50\Report
2022-05-19 20:17:00,702 INFO o.a.j.r.d.HtmlTemplateExporter: Report will be generated in: C:\R\apache-jmeter-5.4.3\bin\.\Search50\Report, creating folder structure
2022-05-19 20:17:00,710 INFO o.a.j.r.d.TemplateVisitor: Copying folder from 'C:\R\apache-jmeter-5.4.3\bin\report-template' to 'C:\R\apache-jmeter-5.4.3\bin\.\Search50\Report', got message: C:\R\apache-jmeter-5.4.3\bin\.\Search50\Report, found non empty folder with following content [C:\R\apache-jmeter-5.4.3\bin\.\Search50\Report\statistics.json], will be ignored
